<?xml version="1.0" encoding="UTF-8"?>
<testng-results ignored="0" total="1" passed="1" failed="0" skipped="0">
  <reporter-output>
  </reporter-output>
  <suite started-at="2020-04-09T05:51:49Z" name="Default suite" finished-at="2020-04-09T05:51:52Z" duration-ms="2899">
    <groups>
    </groups>
    <test started-at="2020-04-09T05:51:49Z" name="Default test" finished-at="2020-04-09T05:51:52Z" duration-ms="2899">
      <class name="getRequest.Tseting">
        <test-method signature="testcreateUser()[pri:0, instance:getRequest.Tseting@291b4bf5]" started-at="2020-04-09T05:51:49Z" name="testcreateUser" finished-at="2020-04-09T05:51:52Z" duration-ms="2880" status="PASS">
          <reporter-output>
          </reporter-output>
        </test-method> <!-- testcreateUser -->
      </class> <!-- getRequest.Tseting -->
    </test> <!-- Default test -->
  </suite> <!-- Default suite -->
</testng-results>
